[17:17:02] [info] Immortal: Creating window Immortal 编辑器 (1920, 1080)
[17:17:03] [info] Immortal: Renderer: NVIDIA GeForce RTX 2060/PCIe/SSE2
[17:17:03] [info] Immortal: Vecdor: NVIDIA Corporation
[17:17:03] [info] Immortal: Version: 4.6.0 NVIDIA 466.47
[17:17:03] [info] Immortal: Loading Mesh Primitive: Assets/Meshes/Default/Capsule.fbx
[17:17:03] [info] Immortal: Loading mesh: Assets/Meshes/Default/Capsule.fbx
[17:17:03] [info] Immortal: Loading Mesh Primitive: Assets/Meshes/Default/Cone.fbx
[17:17:03] [info] Immortal: Loading mesh: Assets/Meshes/Default/Cone.fbx
[17:17:03] [info] Immortal: Loading Mesh Primitive: Assets/Meshes/Default/Cube.fbx
[17:17:03] [info] Immortal: Loading mesh: Assets/Meshes/Default/Cube.fbx
[17:17:03] [info] Immortal: Loading Mesh Primitive: Assets/Meshes/Default/Cylinder.fbx
[17:17:03] [info] Immortal: Loading mesh: Assets/Meshes/Default/Cylinder.fbx
[17:17:03] [info] Immortal: Loading Mesh Primitive: Assets/Meshes/Default/Plane.fbx
[17:17:03] [info] Immortal: Loading mesh: Assets/Meshes/Default/Plane.fbx
[17:17:03] [info] Immortal: Loading Mesh Primitive: Assets/Meshes/Default/Sphere.fbx
[17:17:03] [info] Immortal: Loading Mesh Primitive: Assets/Meshes/Default/Torus.fbx
[17:17:03] [info] Immortal: Loading mesh: Assets/Meshes/Default/Torus.fbx
[17:17:03] [info] Immortal: Loading mesh: assets/meshes/skybox.obj
[17:17:03] [trace] Immortal: OpenGLTexture2D Loading: assets/textures/environment.hdr
[17:17:04] [trace] Immortal: OpenGLTexture2D Loading: assets/Icon/Play.png
[17:17:04] [trace] Immortal: OpenGLTexture2D Completed: assets/Icon/Play.png
[17:17:04] [trace] Immortal: OpenGLTexture2D Loading: assets/Icon/Pause.png
[17:17:04] [trace] Immortal: OpenGLTexture2D Completed: assets/Icon/Pause.png
[17:17:04] [trace] Immortal: OpenGLTexture2D Loading: assets/Icon/Stop.png
[17:17:04] [trace] Immortal: OpenGLTexture2D Completed: assets/Icon/Stop.png
[17:17:17] [warning] Immortal: pixel = 1056840496
[17:17:28] [warning] Immortal: pixel = 1060811828
